<?xml version="1.0" encoding="UTF-8"?>
<!-- Generated by org.testng.reporters.JUnitXMLReporter -->
<testsuite ignored="0" hostname="DESKTOP-PGOH6VN" failures="2" tests="8" name="Personal Loan" time="0.29" errors="0" timestamp="2022-03-11T00:34:34 IST">
  <testcase classname="testng.TestbBasics" name="test1" time="0.035"/>
  <testcase classname="testng.TestbBasics" name="test2" time="0.002"/>
  <testcase classname="testng.Day2" name="day2" time="0.0">
    <failure type="org.testng.TestNGException" message="
Parameter &amp;apos;URL&amp;apos; is required by @Test on method day2 but has not been marked @Optional or defined
in C:\Users\Manohar Joshi\eclipse-workspace\TestNg\testng.xml">
      <![CDATA[org.testng.TestNGException: 
Parameter 'URL' is required by @Test on method day2 but has not been marked @Optional or defined
in C:\Users\Manohar Joshi\eclipse-workspace\TestNg\testng.xml
at java.base/java.util.ArrayList.forEach(ArrayList.java:1541)
... Removed 26 stack frames]]>
    </failure>
  </testcase> <!-- day2 -->
  <testcase classname="testng.Day4" name="loginApiHome" time="0.0">
    <failure type="org.testng.TestNGException" message="
Parameter &amp;apos;URL&amp;apos; is required by @Test on method loginApiHome but has not been marked @Optional or defined
in C:\Users\Manohar Joshi\eclipse-workspace\TestNg\testng.xml">
      <![CDATA[org.testng.TestNGException: 
Parameter 'URL' is required by @Test on method loginApiHome but has not been marked @Optional or defined
in C:\Users\Manohar Joshi\eclipse-workspace\TestNg\testng.xml
at java.base/java.util.ArrayList.forEach(ArrayList.java:1541)
... Removed 26 stack frames]]>
    </failure>
  </testcase> <!-- loginApiHome -->
  <testcase classname="testng.Day4" name="mobLoginHome" time="0.002"/>
  <testcase classname="testng.Day4" name="webLoginHome" time="0.011"/>
  <testcase classname="testng.Day4" name="webLoginHome" time="0.011"/>
  <testcase classname="testng.Day4" name="webLoginHome" time="0.004"/>
</testsuite> <!-- Personal Loan -->
